build/app/intermediates/manifest_merge_blame_file/debug/manifest-merger-blame-debug-report.txt
1<?xml version="1.0" encoding="utf-8"?>
2<manifest xmlns:android="http://schemas.android.com/apk/res/android"
3    package="com.coin.coinapp"
4    android:versionCode="1"
5    android:versionName="1.0.0" >
6
7    <uses-sdk
8        android:minSdkVersion="24"
9        android:targetSdkVersion="29" />
10    <!--
11         Flutter needs it to communicate with the running application
12         to allow setting breakpoints, to provide hot reload, etc.
13    -->
14    <uses-permission android:name="android.permission.INTERNET" />
14-->src/debug/AndroidManifest.xml:6:5-66
14-->src/debug/AndroidManifest.xml:6:22-64
15    <!--
16     io.flutter.app.FlutterApplication is an android.app.Application that
17         calls FlutterMain.startInitialization(this); in its onCreate method.
18         In most cases you can leave this as-is, but you if you want to provide
19         additional functionality it is fine to subclass or reimplement
20         FlutterApplication and put your custom class here.
21    -->
22    <uses-permission android:name="android.permission.USE_BIOMETRIC" />
22-->src/main/AndroidManifest.xml:8:5-71
22-->src/main/AndroidManifest.xml:8:22-69
23    <uses-permission android:name="android.permission.ACCESS_FINE_LOCATION" />
23-->src/main/AndroidManifest.xml:9:5-78
23-->src/main/AndroidManifest.xml:9:22-76
24    <uses-permission android:name="android.permission.ACCESS_COARSE_LOCATION" />
24-->src/main/AndroidManifest.xml:10:5-80
24-->src/main/AndroidManifest.xml:10:22-78
25    <uses-permission android:name="android.permission.READ_EXTERNAL_STORAGE" />
25-->[:image_picker] AndroidManifest.xml:7:5-80
25-->[:image_picker] AndroidManifest.xml:7:22-77
26    <uses-permission android:name="android.permission.WRITE_EXTERNAL_STORAGE" />
26-->[:image_picker] AndroidManifest.xml:8:5-81
26-->[:image_picker] AndroidManifest.xml:8:22-78
27    <uses-permission android:name="android.permission.FOREGROUND_SERVICE" />
27-->[:location] AndroidManifest.xml:9:5-77
27-->[:location] AndroidManifest.xml:9:22-74
28    <uses-permission android:name="android.permission.ACCESS_BACKGROUND_LOCATION" />
28-->[:location] AndroidManifest.xml:10:5-85
28-->[:location] AndroidManifest.xml:10:22-82
29    <uses-permission android:name="android.permission.USE_FINGERPRINT" /> <!-- Include required permissions for Google Maps API to run. -->
29-->[androidx.biometric:biometric:1.0.0-beta01] AndroidManifest.xml:25:5-74
29-->[androidx.biometric:biometric:1.0.0-beta01] AndroidManifest.xml:25:22-71
30    <uses-permission android:name="android.permission.ACCESS_NETWORK_STATE" />
30-->[com.google.android.gms:play-services-maps:17.0.0] AndroidManifest.xml:23:5-79
30-->[com.google.android.gms:play-services-maps:17.0.0] AndroidManifest.xml:23:22-76
31
32    <uses-feature
32-->[com.google.android.gms:play-services-maps:17.0.0] AndroidManifest.xml:26:5-28:35
33        android:glEsVersion="0x00020000"
33-->[com.google.android.gms:play-services-maps:17.0.0] AndroidManifest.xml:27:9-41
34        android:required="true" />
34-->[com.google.android.gms:play-services-maps:17.0.0] AndroidManifest.xml:28:9-32
35
36    <uses-permission android:name="android.permission.WAKE_LOCK" />
36-->[com.google.android.gms:play-services-measurement:17.4.3] AndroidManifest.xml:25:5-68
36-->[com.google.android.gms:play-services-measurement:17.4.3] AndroidManifest.xml:25:22-65
37    <uses-permission android:name="com.google.android.finsky.permission.BIND_GET_INSTALL_REFERRER_SERVICE" /> <!-- Required by older versions of Google Play services to create IID tokens -->
37-->[com.google.android.gms:play-services-measurement:17.4.3] AndroidManifest.xml:26:5-110
37-->[com.google.android.gms:play-services-measurement:17.4.3] AndroidManifest.xml:26:22-107
38    <uses-permission android:name="com.google.android.c2dm.permission.RECEIVE" />
38-->[com.google.firebase:firebase-iid:20.1.5] AndroidManifest.xml:26:5-82
38-->[com.google.firebase:firebase-iid:20.1.5] AndroidManifest.xml:26:22-79
39    <uses-permission android:name="android.permission.CAMERA" /> <!-- Don't require camera, as this requires a rear camera. This allows it to work on the Nexus 7 -->
39-->[com.journeyapps:zxing-android-embedded:4.1.0] AndroidManifest.xml:22:5-65
39-->[com.journeyapps:zxing-android-embedded:4.1.0] AndroidManifest.xml:22:22-62
40    <uses-feature
40-->[com.journeyapps:zxing-android-embedded:4.1.0] AndroidManifest.xml:25:5-27:36
41        android:name="android.hardware.camera"
41-->[com.journeyapps:zxing-android-embedded:4.1.0] AndroidManifest.xml:26:9-47
42        android:required="false" />
42-->[com.journeyapps:zxing-android-embedded:4.1.0] AndroidManifest.xml:27:9-33
43    <uses-feature
43-->[com.journeyapps:zxing-android-embedded:4.1.0] AndroidManifest.xml:28:5-30:36
44        android:name="android.hardware.camera.front"
44-->[com.journeyapps:zxing-android-embedded:4.1.0] AndroidManifest.xml:29:9-53
45        android:required="false" /> <!-- TODO replace above two with next line after Android 4.2 -->
45-->[com.journeyapps:zxing-android-embedded:4.1.0] AndroidManifest.xml:30:9-33
46    <!-- <uses-feature android:name="android.hardware.camera.any"/> -->
47    <uses-feature
47-->[com.journeyapps:zxing-android-embedded:4.1.0] AndroidManifest.xml:33:5-35:36
48        android:name="android.hardware.camera.autofocus"
48-->[com.journeyapps:zxing-android-embedded:4.1.0] AndroidManifest.xml:34:9-57
49        android:required="false" />
49-->[com.journeyapps:zxing-android-embedded:4.1.0] AndroidManifest.xml:35:9-33
50    <uses-feature
50-->[com.journeyapps:zxing-android-embedded:4.1.0] AndroidManifest.xml:36:5-38:36
51        android:name="android.hardware.camera.flash"
51-->[com.journeyapps:zxing-android-embedded:4.1.0] AndroidManifest.xml:37:9-53
52        android:required="false" />
52-->[com.journeyapps:zxing-android-embedded:4.1.0] AndroidManifest.xml:38:9-33
53    <uses-feature
53-->[com.journeyapps:zxing-android-embedded:4.1.0] AndroidManifest.xml:39:5-41:36
54        android:name="android.hardware.screen.landscape"
54-->[com.journeyapps:zxing-android-embedded:4.1.0] AndroidManifest.xml:40:9-57
55        android:required="false" />
55-->[com.journeyapps:zxing-android-embedded:4.1.0] AndroidManifest.xml:41:9-33
56    <uses-feature
56-->[com.journeyapps:zxing-android-embedded:4.1.0] AndroidManifest.xml:42:5-44:36
57        android:name="android.hardware.wifi"
57-->[com.journeyapps:zxing-android-embedded:4.1.0] AndroidManifest.xml:43:9-45
58        android:required="false" />
58-->[com.journeyapps:zxing-android-embedded:4.1.0] AndroidManifest.xml:44:9-33
59
60    <application
60-->src/main/AndroidManifest.xml:11:5-55:19
61        android:name="io.flutter.app.FlutterApplication"
61-->src/main/AndroidManifest.xml:12:9-57
62        android:appComponentFactory="androidx.core.app.CoreComponentFactory"
62-->[androidx.core:core:1.5.0-alpha01] AndroidManifest.xml:24:18-86
63        android:debuggable="true"
64        android:icon="@mipmap/ic_launcher"
64-->src/main/AndroidManifest.xml:14:9-43
65        android:label="coinapp" >
65-->src/main/AndroidManifest.xml:13:9-32
66        <meta-data
66-->src/main/AndroidManifest.xml:16:9-17:70
67            android:name="com.google.android.geo.API_KEY"
67-->src/main/AndroidManifest.xml:16:20-65
68            android:value="AIzaSyCbbhZ6kWqy2zO-47FY3yX63AHL6Bm1WxQ" />
68-->src/main/AndroidManifest.xml:17:13-68
69
70        <activity
70-->src/main/AndroidManifest.xml:20:9-48:20
71            android:name="com.example.coinapp.MainActivity"
71-->src/main/AndroidManifest.xml:21:13-41
72            android:configChanges="orientation|keyboardHidden|keyboard|screenSize|smallestScreenSize|locale|layoutDirection|fontScale|screenLayout|density|uiMode"
72-->src/main/AndroidManifest.xml:24:13-163
73            android:hardwareAccelerated="true"
73-->src/main/AndroidManifest.xml:25:13-47
74            android:launchMode="singleTop"
74-->src/main/AndroidManifest.xml:22:13-43
75            android:theme="@style/LaunchTheme"
75-->src/main/AndroidManifest.xml:23:13-47
76            android:windowSoftInputMode="adjustResize" >
76-->src/main/AndroidManifest.xml:26:13-55
77
78            <!--
79                 Specifies an Android theme to apply to this Activity as soon as
80                 the Android process has started. This theme is visible to the user
81                 while the Flutter UI initializes. After that, this theme continues
82                 to determine the Window background behind the Flutter UI.
83            -->
84            <meta-data
84-->src/main/AndroidManifest.xml:31:13-34:17
85                android:name="io.flutter.embedding.android.NormalTheme"
85-->src/main/AndroidManifest.xml:32:15-70
86                android:resource="@style/NormalTheme" />
86-->src/main/AndroidManifest.xml:33:15-52
87            <!--
88                 Displays an Android View that continues showing the launch screen
89                 Drawable until Flutter paints its first frame, then this splash
90                 screen fades out. A splash screen is useful to avoid any visual
91                 gap between the end of Android's launch screen and the painting of
92                 Flutter's first frame.
93            -->
94            <meta-data
94-->src/main/AndroidManifest.xml:40:13-43:17
95                android:name="io.flutter.embedding.android.SplashScreenDrawable"
95-->src/main/AndroidManifest.xml:41:15-79
96                android:resource="@drawable/launch_background" />
96-->src/main/AndroidManifest.xml:42:15-61
97
98            <intent-filter>
98-->src/main/AndroidManifest.xml:44:13-47:29
99                <action android:name="android.intent.action.MAIN" />
99-->src/main/AndroidManifest.xml:45:17-68
99-->src/main/AndroidManifest.xml:45:25-66
100
101                <category android:name="android.intent.category.LAUNCHER" />
101-->src/main/AndroidManifest.xml:46:17-76
101-->src/main/AndroidManifest.xml:46:27-74
102            </intent-filter>
103        </activity>
104        <!--
105             Don't delete the meta-data below.
106             This is used by the Flutter tool to generate GeneratedPluginRegistrant.java
107        -->
108        <meta-data
108-->src/main/AndroidManifest.xml:51:9-53:33
109            android:name="flutterEmbedding"
109-->src/main/AndroidManifest.xml:52:13-44
110            android:value="2" />
110-->src/main/AndroidManifest.xml:53:13-30
111
112        <provider
112-->[:image_picker] AndroidManifest.xml:11:9-19:20
113            android:name="io.flutter.plugins.imagepicker.ImagePickerFileProvider"
113-->[:image_picker] AndroidManifest.xml:12:13-82
114            android:authorities="com.coin.coinapp.flutter.image_provider"
114-->[:image_picker] AndroidManifest.xml:13:13-74
115            android:exported="false"
115-->[:image_picker] AndroidManifest.xml:14:13-37
116            android:grantUriPermissions="true" >
116-->[:image_picker] AndroidManifest.xml:15:13-47
117            <meta-data
117-->[:image_picker] AndroidManifest.xml:16:13-18:75
118                android:name="android.support.FILE_PROVIDER_PATHS"
118-->[:image_picker] AndroidManifest.xml:17:17-67
119                android:resource="@xml/flutter_image_picker_file_paths" />
119-->[:image_picker] AndroidManifest.xml:18:17-72
120        </provider>
121
122        <service
122-->[:firebase_storage] AndroidManifest.xml:8:9-12:19
123            android:name="com.google.firebase.components.ComponentDiscoveryService"
123-->[:firebase_storage] AndroidManifest.xml:8:18-89
124            android:directBootAware="true"
124-->[com.google.firebase:firebase-common:19.3.0] AndroidManifest.xml:34:13-43
125            android:exported="false" >
125-->[com.google.android.gms:play-services-measurement-api:17.4.3] AndroidManifest.xml:29:13-37
126            <meta-data
126-->[:firebase_storage] AndroidManifest.xml:9:13-11:85
127                android:name="com.google.firebase.components:io.flutter.plugins.firebase.storage.FlutterFirebaseAppRegistrar"
127-->[:firebase_storage] AndroidManifest.xml:10:17-126
128                android:value="com.google.firebase.components.ComponentRegistrar" />
128-->[:firebase_storage] AndroidManifest.xml:11:17-82
129            <meta-data
129-->[:cloud_firestore] AndroidManifest.xml:9:13-11:85
130                android:name="com.google.firebase.components:io.flutter.plugins.firebase.cloudfirestore.FlutterFirebaseAppRegistrar"
130-->[:cloud_firestore] AndroidManifest.xml:10:17-133
131                android:value="com.google.firebase.components.ComponentRegistrar" />
131-->[:cloud_firestore] AndroidManifest.xml:11:17-82
132            <meta-data
132-->[:firebase_auth] AndroidManifest.xml:9:13-11:85
133                android:name="com.google.firebase.components:io.flutter.plugins.firebaseauth.FlutterFirebaseAppRegistrar"
133-->[:firebase_auth] AndroidManifest.xml:10:17-122
134                android:value="com.google.firebase.components.ComponentRegistrar" />
134-->[:firebase_auth] AndroidManifest.xml:11:17-82
135            <meta-data
135-->[:firebase_core] AndroidManifest.xml:9:13-11:85
136                android:name="com.google.firebase.components:io.flutter.plugins.firebase.core.FlutterFirebaseAppRegistrar"
136-->[:firebase_core] AndroidManifest.xml:10:17-123
137                android:value="com.google.firebase.components.ComponentRegistrar" />
137-->[:firebase_core] AndroidManifest.xml:11:17-82
138            <meta-data
138-->[com.google.android.gms:play-services-measurement-api:17.4.3] AndroidManifest.xml:30:13-32:85
139                android:name="com.google.firebase.components:com.google.firebase.analytics.connector.internal.AnalyticsConnectorRegistrar"
139-->[com.google.android.gms:play-services-measurement-api:17.4.3] AndroidManifest.xml:31:17-139
140                android:value="com.google.firebase.components.ComponentRegistrar" />
140-->[com.google.android.gms:play-services-measurement-api:17.4.3] AndroidManifest.xml:32:17-82
141            <meta-data
141-->[com.google.firebase:firebase-storage:17.0.0] AndroidManifest.xml:31:13-33:85
142                android:name="com.google.firebase.components:com.google.firebase.storage.StorageRegistrar"
142-->[com.google.firebase:firebase-storage:17.0.0] AndroidManifest.xml:32:17-107
143                android:value="com.google.firebase.components.ComponentRegistrar" />
143-->[com.google.firebase:firebase-storage:17.0.0] AndroidManifest.xml:33:17-82
144            <meta-data
144-->[com.google.firebase:firebase-firestore:21.3.0] AndroidManifest.xml:20:13-22:85
145                android:name="com.google.firebase.components:com.google.firebase.firestore.FirestoreRegistrar"
145-->[com.google.firebase:firebase-firestore:21.3.0] AndroidManifest.xml:21:17-111
146                android:value="com.google.firebase.components.ComponentRegistrar" />
146-->[com.google.firebase:firebase-firestore:21.3.0] AndroidManifest.xml:22:17-82
147            <meta-data
147-->[com.google.firebase:firebase-auth:17.0.0] AndroidManifest.xml:36:13-38:85
148                android:name="com.google.firebase.components:com.google.firebase.auth.FirebaseAuthRegistrar"
148-->[com.google.firebase:firebase-auth:17.0.0] AndroidManifest.xml:37:17-109
149                android:value="com.google.firebase.components.ComponentRegistrar" />
149-->[com.google.firebase:firebase-auth:17.0.0] AndroidManifest.xml:38:17-82
150            <meta-data
150-->[com.google.firebase:firebase-iid:20.1.5] AndroidManifest.xml:32:13-34:85
151                android:name="com.google.firebase.components:com.google.firebase.iid.Registrar"
151-->[com.google.firebase:firebase-iid:20.1.5] AndroidManifest.xml:33:17-96
152                android:value="com.google.firebase.components.ComponentRegistrar" />
152-->[com.google.firebase:firebase-iid:20.1.5] AndroidManifest.xml:34:17-82
153            <meta-data
153-->[com.google.firebase:firebase-installations:16.2.1] AndroidManifest.xml:17:13-19:85
154                android:name="com.google.firebase.components:com.google.firebase.installations.FirebaseInstallationsRegistrar"
154-->[com.google.firebase:firebase-installations:16.2.1] AndroidManifest.xml:18:17-127
155                android:value="com.google.firebase.components.ComponentRegistrar" />
155-->[com.google.firebase:firebase-installations:16.2.1] AndroidManifest.xml:19:17-82
156        </service>
157        <service
157-->[:location] AndroidManifest.xml:13:9-17:56
158            android:name="com.lyokone.location.FlutterLocationService"
158-->[:location] AndroidManifest.xml:14:13-71
159            android:enabled="true"
159-->[:location] AndroidManifest.xml:15:13-35
160            android:exported="false"
160-->[:location] AndroidManifest.xml:16:13-37
161            android:foregroundServiceType="location" />
161-->[:location] AndroidManifest.xml:17:13-53
162
163        <activity
163-->[androidx.biometric:biometric:1.0.0-beta01] AndroidManifest.xml:28:9-30:67
164            android:name="androidx.biometric.DeviceCredentialHandlerActivity"
164-->[androidx.biometric:biometric:1.0.0-beta01] AndroidManifest.xml:29:13-78
165            android:theme="@style/DeviceCredentialHandlerTheme" /> <!-- Needs to be explicitly declared on P+ -->
165-->[androidx.biometric:biometric:1.0.0-beta01] AndroidManifest.xml:30:13-64
166        <uses-library
166-->[com.google.android.gms:play-services-maps:17.0.0] AndroidManifest.xml:33:9-35:40
167            android:name="org.apache.http.legacy"
167-->[com.google.android.gms:play-services-maps:17.0.0] AndroidManifest.xml:34:13-50
168            android:required="false" />
168-->[com.google.android.gms:play-services-maps:17.0.0] AndroidManifest.xml:35:13-37
169
170        <receiver
170-->[com.google.android.gms:play-services-measurement:17.4.3] AndroidManifest.xml:29:9-33:20
171            android:name="com.google.android.gms.measurement.AppMeasurementReceiver"
171-->[com.google.android.gms:play-services-measurement:17.4.3] AndroidManifest.xml:30:13-85
172            android:enabled="true"
172-->[com.google.android.gms:play-services-measurement:17.4.3] AndroidManifest.xml:31:13-35
173            android:exported="false" >
173-->[com.google.android.gms:play-services-measurement:17.4.3] AndroidManifest.xml:32:13-37
174        </receiver>
175
176        <service
176-->[com.google.android.gms:play-services-measurement:17.4.3] AndroidManifest.xml:35:9-38:40
177            android:name="com.google.android.gms.measurement.AppMeasurementService"
177-->[com.google.android.gms:play-services-measurement:17.4.3] AndroidManifest.xml:36:13-84
178            android:enabled="true"
178-->[com.google.android.gms:play-services-measurement:17.4.3] AndroidManifest.xml:37:13-35
179            android:exported="false" />
179-->[com.google.android.gms:play-services-measurement:17.4.3] AndroidManifest.xml:38:13-37
180        <service
180-->[com.google.android.gms:play-services-measurement:17.4.3] AndroidManifest.xml:39:9-43:72
181            android:name="com.google.android.gms.measurement.AppMeasurementJobService"
181-->[com.google.android.gms:play-services-measurement:17.4.3] AndroidManifest.xml:40:13-87
182            android:enabled="true"
182-->[com.google.android.gms:play-services-measurement:17.4.3] AndroidManifest.xml:41:13-35
183            android:exported="false"
183-->[com.google.android.gms:play-services-measurement:17.4.3] AndroidManifest.xml:42:13-37
184            android:permission="android.permission.BIND_JOB_SERVICE" />
184-->[com.google.android.gms:play-services-measurement:17.4.3] AndroidManifest.xml:43:13-69
185
186        <activity
186-->[com.google.android.gms:play-services-auth:16.0.1] AndroidManifest.xml:23:9-27:75
187            android:name="com.google.android.gms.auth.api.signin.internal.SignInHubActivity"
187-->[com.google.android.gms:play-services-auth:16.0.1] AndroidManifest.xml:24:13-93
188            android:excludeFromRecents="true"
188-->[com.google.android.gms:play-services-auth:16.0.1] AndroidManifest.xml:25:13-46
189            android:exported="false"
189-->[com.google.android.gms:play-services-auth:16.0.1] AndroidManifest.xml:26:13-37
190            android:theme="@android:style/Theme.Translucent.NoTitleBar" />
190-->[com.google.android.gms:play-services-auth:16.0.1] AndroidManifest.xml:27:13-72
191        <!--
192            Service handling Google Sign-In user revocation. For apps that do not integrate with
193            Google Sign-In, this service will never be started.
194        -->
195        <service
195-->[com.google.android.gms:play-services-auth:16.0.1] AndroidManifest.xml:33:9-36:110
196            android:name="com.google.android.gms.auth.api.signin.RevocationBoundService"
196-->[com.google.android.gms:play-services-auth:16.0.1] AndroidManifest.xml:34:13-89
197            android:exported="true"
197-->[com.google.android.gms:play-services-auth:16.0.1] AndroidManifest.xml:35:13-36
198            android:permission="com.google.android.gms.auth.api.signin.permission.REVOCATION_NOTIFICATION" />
198-->[com.google.android.gms:play-services-auth:16.0.1] AndroidManifest.xml:36:13-107
199
200        <activity
200-->[com.google.firebase:firebase-auth:17.0.0] AndroidManifest.xml:24:9-31:50
201            android:name="com.google.firebase.auth.internal.FederatedSignInActivity"
201-->[com.google.firebase:firebase-auth:17.0.0] AndroidManifest.xml:25:13-85
202            android:excludeFromRecents="true"
202-->[com.google.firebase:firebase-auth:17.0.0] AndroidManifest.xml:26:13-46
203            android:exported="true"
203-->[com.google.firebase:firebase-auth:17.0.0] AndroidManifest.xml:27:13-36
204            android:launchMode="singleTask"
204-->[com.google.firebase:firebase-auth:17.0.0] AndroidManifest.xml:28:13-44
205            android:permission="com.google.firebase.auth.api.gms.permission.LAUNCH_FEDERATED_SIGN_IN"
205-->[com.google.firebase:firebase-auth:17.0.0] AndroidManifest.xml:29:13-102
206            android:theme="@android:style/Theme.Translucent.NoTitleBar" />
206-->[com.google.firebase:firebase-auth:17.0.0] AndroidManifest.xml:30:13-72
207
208        <receiver
208-->[com.google.firebase:firebase-iid:20.1.5] AndroidManifest.xml:37:9-44:20
209            android:name="com.google.firebase.iid.FirebaseInstanceIdReceiver"
209-->[com.google.firebase:firebase-iid:20.1.5] AndroidManifest.xml:38:13-78
210            android:exported="true"
210-->[com.google.firebase:firebase-iid:20.1.5] AndroidManifest.xml:39:13-36
211            android:permission="com.google.android.c2dm.permission.SEND" >
211-->[com.google.firebase:firebase-iid:20.1.5] AndroidManifest.xml:40:13-73
212            <intent-filter>
212-->[com.google.firebase:firebase-iid:20.1.5] AndroidManifest.xml:41:13-43:29
213                <action android:name="com.google.android.c2dm.intent.RECEIVE" />
213-->[com.google.firebase:firebase-iid:20.1.5] AndroidManifest.xml:42:17-81
213-->[com.google.firebase:firebase-iid:20.1.5] AndroidManifest.xml:42:25-78
214            </intent-filter>
215        </receiver>
216
217        <provider
217-->[com.google.firebase:firebase-common:19.3.0] AndroidManifest.xml:26:9-30:39
218            android:name="com.google.firebase.provider.FirebaseInitProvider"
218-->[com.google.firebase:firebase-common:19.3.0] AndroidManifest.xml:27:13-77
219            android:authorities="com.coin.coinapp.firebaseinitprovider"
219-->[com.google.firebase:firebase-common:19.3.0] AndroidManifest.xml:28:13-72
220            android:exported="false"
220-->[com.google.firebase:firebase-common:19.3.0] AndroidManifest.xml:29:13-37
221            android:initOrder="100" />
221-->[com.google.firebase:firebase-common:19.3.0] AndroidManifest.xml:30:13-36
222
223        <activity
223-->[com.google.android.gms:play-services-base:17.0.0] AndroidManifest.xml:23:9-26:75
224            android:name="com.google.android.gms.common.api.GoogleApiActivity"
224-->[com.google.android.gms:play-services-base:17.0.0] AndroidManifest.xml:24:13-79
225            android:exported="false"
225-->[com.google.android.gms:play-services-base:17.0.0] AndroidManifest.xml:25:13-37
226            android:theme="@android:style/Theme.Translucent.NoTitleBar" />
226-->[com.google.android.gms:play-services-base:17.0.0] AndroidManifest.xml:26:13-72
227
228        <meta-data
228-->[com.google.android.gms:play-services-basement:17.0.0] AndroidManifest.xml:23:9-25:69
229            android:name="com.google.android.gms.version"
229-->[com.google.android.gms:play-services-basement:17.0.0] AndroidManifest.xml:24:13-58
230            android:value="@integer/google_play_services_version" />
230-->[com.google.android.gms:play-services-basement:17.0.0] AndroidManifest.xml:25:13-66
231
232        <activity
232-->[com.journeyapps:zxing-android-embedded:4.1.0] AndroidManifest.xml:47:9-53:63
233            android:name="com.journeyapps.barcodescanner.CaptureActivity"
233-->[com.journeyapps:zxing-android-embedded:4.1.0] AndroidManifest.xml:48:13-74
234            android:clearTaskOnLaunch="true"
234-->[com.journeyapps:zxing-android-embedded:4.1.0] AndroidManifest.xml:49:13-45
235            android:screenOrientation="sensorLandscape"
235-->[com.journeyapps:zxing-android-embedded:4.1.0] AndroidManifest.xml:50:13-56
236            android:stateNotNeeded="true"
236-->[com.journeyapps:zxing-android-embedded:4.1.0] AndroidManifest.xml:51:13-42
237            android:theme="@style/zxing_CaptureTheme"
237-->[com.journeyapps:zxing-android-embedded:4.1.0] AndroidManifest.xml:52:13-54
238            android:windowSoftInputMode="stateAlwaysHidden" />
238-->[com.journeyapps:zxing-android-embedded:4.1.0] AndroidManifest.xml:53:13-60
239    </application>
240
241</manifest>